<?xml version="1.0" encoding="UTF-8"?>
<testsuite xmlns:xsi="http://www.w3.org/2001/XMLSchema-instance" xsi:noNamespaceSchemaLocation="https://maven.apache.org/surefire/maven-surefire-plugin/xsd/surefire-test-report-3.0.xsd" version="3.0" name="com.dev.queue.QueueApplicationTests" time="8.533" tests="2" errors="0" skipped="0" failures="0">
  <properties>
[...]
</properties>
  <testcase name="generateErrorTest" classname="com.dev.queue.QueueApplicationTests" time="2.414">
    <system-out><![CDATA[17:21:47.377 [main] INFO org.springframework.test.context.support.AnnotationConfigContextLoaderUtils -- Could not detect default configuration classes for test class [com.dev.queue.QueueApplicationTests]: QueueApplicationTests does not declare any static, non-private, non-final, nested classes annotated with @Configuration.
17:21:47.625 [main] INFO org.springframework.boot.test.context.SpringBootTestContextBootstrapper -- Found @SpringBootConfiguration com.dev.queue.QueueApplication for test class com.dev.queue.QueueApplicationTests

  .   ____          _            __ _ _
 /\\ / ___'_ __ _ _(_)_ __  __ _ \ \ \ \
( ( )\___ | '_ | '_| | '_ \/ _` | \ \ \ \
 \\/  ___)| |_)| | | | | || (_| |  ) ) ) )
  '  |____| .__|_| |_|_| |_\__, | / / / /
 =========|_|==============|___/=/_/_/_/

 :: Spring Boot ::                (v3.3.1)

2024-06-29T17:21:48.522+05:30  INFO 5696 --- [           main] com.dev.queue.QueueApplicationTests      : Starting QueueApplicationTests using Java 21.0.2 with PID 5696 (started by it27 in D:\Dev\MotaData)
2024-06-29T17:21:48.525+05:30  INFO 5696 --- [           main] com.dev.queue.QueueApplicationTests      : No active profile set, falling back to 1 default profile: "default"
2024-06-29T17:21:51.773+05:30  INFO 5696 --- [           main] o.s.a.r.c.CachingConnectionFactory       : Attempting to connect to: [localhost:5672]
2024-06-29T17:21:51.914+05:30  INFO 5696 --- [           main] o.s.a.r.c.CachingConnectionFactory       : Created new connection: rabbitConnectionFactory#7c3e4b1a:0/SimpleConnection@71560f51 [delegate=amqp://device@127.0.0.1:5672/, localPort=56953]
2024-06-29T17:21:52.042+05:30  INFO 5696 --- [           main] com.dev.queue.QueueApplicationTests      : Started QueueApplicationTests in 4.06 seconds (process running for 6.254)
2024-06-29T17:21:53.597+05:30 ERROR 5696 --- [ntContainer#0-1] c.dev.queue.listener.RabbitMQListener    : Received {"id": 1, "name": "Harry Potter"
2024-06-29T17:21:53.601+05:30 ERROR 5696 --- [ntContainer#0-1] c.dev.queue.listener.RabbitMQListener    : Unexpected end-of-input: expected close marker for Object (start marker at [Source: REDACTED (`StreamReadFeature.INCLUDE_SOURCE_IN_LOCATION` disabled); line: 1, column: 1])
 at [Source: REDACTED (`StreamReadFeature.INCLUDE_SOURCE_IN_LOCATION` disabled); line: 1, column: 33]
2024-06-29T17:21:54.477+05:30  INFO 5696 --- [           main] com.dev.queue.QueueApplicationTests      : SUCCESS COUNT: - 0
ERROR COUNT: - 1
]]></system-out>
    <system-err><![CDATA[WARNING: A Java agent has been loaded dynamically (C:\Users\it27\.m2\repository\net\bytebuddy\byte-buddy-agent\1.14.17\byte-buddy-agent-1.14.17.jar)
WARNING: If a serviceability tool is in use, please run with -XX:+EnableDynamicAgentLoading to hide this warning
WARNING: If a serviceability tool is not in use, please run with -Djdk.instrument.traceUsage for more information
WARNING: Dynamic loading of agents will be disallowed by default in a future release
]]></system-err>
  </testcase>
  <testcase name="generateSuccessTest" classname="com.dev.queue.QueueApplicationTests" time="1.012">
    <system-out><![CDATA[2024-06-29T17:21:54.501+05:30  INFO 5696 --- [ntContainer#0-1] c.dev.queue.listener.RabbitMQListener    : Received Book(id=1, Name=Harry Potter)
2024-06-29T17:21:55.505+05:30  INFO 5696 --- [           main] com.dev.queue.QueueApplicationTests      : SUCCESS COUNT: - 1
ERROR COUNT: - 1
]]></system-out>
  </testcase>
</testsuite>